[2024-06-05T10:45:13.500] [ERROR] AllExceptionsFilter - undefined NotFoundException: Cannot GET /client/request/detail/?type=1&requestId=134
    at callback (/Users/cuongkv-phoenix/Desktop/NodeJS/nestjs-cuong.kieuvan/node_modules/@nestjs/core/router/routes-resolver.js:77:19)
    at /Users/cuongkv-phoenix/Desktop/NodeJS/nestjs-cuong.kieuvan/node_modules/@nestjs/core/router/router-proxy.js:9:23
    at Layer.handle [as handle_request] (/Users/cuongkv-phoenix/Desktop/NodeJS/nestjs-cuong.kieuvan/node_modules/express/lib/router/layer.js:95:5)
    at trim_prefix (/Users/cuongkv-phoenix/Desktop/NodeJS/nestjs-cuong.kieuvan/node_modules/express/lib/router/index.js:328:13)
    at /Users/cuongkv-phoenix/Desktop/NodeJS/nestjs-cuong.kieuvan/node_modules/express/lib/router/index.js:286:9
    at Function.process_params (/Users/cuongkv-phoenix/Desktop/NodeJS/nestjs-cuong.kieuvan/node_modules/express/lib/router/index.js:346:12)
    at next (/Users/cuongkv-phoenix/Desktop/NodeJS/nestjs-cuong.kieuvan/node_modules/express/lib/router/index.js:280:10)
    at LoggerReqMiddleware.use (/Users/cuongkv-phoenix/Desktop/NodeJS/nestjs-cuong.kieuvan/dist/apps/api/main.js:4974:9)
    at /Users/cuongkv-phoenix/Desktop/NodeJS/nestjs-cuong.kieuvan/node_modules/@nestjs/core/router/router-proxy.js:9:23
    at Layer.handle [as handle_request] (/Users/cuongkv-phoenix/Desktop/NodeJS/nestjs-cuong.kieuvan/node_modules/express/lib/router/layer.js:95:5) {
  response: {
    message: 'Cannot GET /client/request/detail/?type=1&requestId=134',
    error: 'Not Found',
    statusCode: 404
  },
  status: 404,
  options: {},
  request: {
    method: 'GET',
    url: '/client/request/detail/?type=1&requestId=134',
    body: {},
    ip: '::1',
    payload: undefined
  },
  env: 'development'
}
[2024-06-05T10:45:18.930] [ERROR] AllExceptionsFilter - undefined NotFoundException: Cannot GET /client/request/detail/on-leave/134
    at callback (/Users/cuongkv-phoenix/Desktop/NodeJS/nestjs-cuong.kieuvan/node_modules/@nestjs/core/router/routes-resolver.js:77:19)
    at /Users/cuongkv-phoenix/Desktop/NodeJS/nestjs-cuong.kieuvan/node_modules/@nestjs/core/router/router-proxy.js:9:23
    at Layer.handle [as handle_request] (/Users/cuongkv-phoenix/Desktop/NodeJS/nestjs-cuong.kieuvan/node_modules/express/lib/router/layer.js:95:5)
    at trim_prefix (/Users/cuongkv-phoenix/Desktop/NodeJS/nestjs-cuong.kieuvan/node_modules/express/lib/router/index.js:328:13)
    at /Users/cuongkv-phoenix/Desktop/NodeJS/nestjs-cuong.kieuvan/node_modules/express/lib/router/index.js:286:9
    at Function.process_params (/Users/cuongkv-phoenix/Desktop/NodeJS/nestjs-cuong.kieuvan/node_modules/express/lib/router/index.js:346:12)
    at next (/Users/cuongkv-phoenix/Desktop/NodeJS/nestjs-cuong.kieuvan/node_modules/express/lib/router/index.js:280:10)
    at LoggerReqMiddleware.use (/Users/cuongkv-phoenix/Desktop/NodeJS/nestjs-cuong.kieuvan/dist/apps/api/main.js:4974:9)
    at /Users/cuongkv-phoenix/Desktop/NodeJS/nestjs-cuong.kieuvan/node_modules/@nestjs/core/router/router-proxy.js:9:23
    at Layer.handle [as handle_request] (/Users/cuongkv-phoenix/Desktop/NodeJS/nestjs-cuong.kieuvan/node_modules/express/lib/router/layer.js:95:5) {
  response: {
    message: 'Cannot GET /client/request/detail/on-leave/134',
    error: 'Not Found',
    statusCode: 404
  },
  status: 404,
  options: {},
  request: {
    method: 'GET',
    url: '/client/request/detail/on-leave/134',
    body: {},
    ip: '::1',
    payload: undefined
  },
  env: 'development'
}
