[2024-05-27T17:02:19.483] [ERROR] AllExceptionsFilter - undefined BadRequestException: Bad Request Exception
    at ValidationPipe.exceptionFactory (/Users/cuongkv-phoenix/Desktop/NodeJS/nestjs-cuong.kieuvan/node_modules/@nestjs/common/pipes/validation.pipe.js:101:20)
    at ValidationPipe.transform (/Users/cuongkv-phoenix/Desktop/NodeJS/nestjs-cuong.kieuvan/node_modules/@nestjs/common/pipes/validation.pipe.js:74:30)
    at processTicksAndRejections (node:internal/process/task_queues:95:5)
    at resolveParamValue (/Users/cuongkv-phoenix/Desktop/NodeJS/nestjs-cuong.kieuvan/node_modules/@nestjs/core/router/router-execution-context.js:148:23)
    at async Promise.all (index 1)
    at pipesFn (/Users/cuongkv-phoenix/Desktop/NodeJS/nestjs-cuong.kieuvan/node_modules/@nestjs/core/router/router-execution-context.js:151:13)
    at /Users/cuongkv-phoenix/Desktop/NodeJS/nestjs-cuong.kieuvan/node_modules/@nestjs/core/router/router-execution-context.js:37:30 {
  response: {
    message: [
      'content must be a string',
      'groupChatId must be an integer number'
    ],
    error: 'Bad Request',
    statusCode: 400
  },
  status: 400,
  options: {},
  request: {
    method: 'POST',
    url: '/client/chat/send-message',
    body: { content: 23, groupChatId: 'dsfdsf' },
    ip: '::1',
    payload: undefined
  },
  env: 'development'
}
